-2024-04-29-09:30  No fue posible conectar a la Rboard 1, reconectar pendiente
-2024-04-29-09:33  No fue posible conectar a la Rboard 1, reconectar pendiente
-UPDATE `redesagi_facturacion`.`afiliados` SET `afiliados`.`suspender`='0' , `afiliados`.`shutoffpending`='0', `afiliados`.`reconectPending`='1'  WHERE `afiliados`.`id`= '' 

-2024-04-29-09:34  No fue posible conectar a la Rboard 1, reconectar pendiente
-UPDATE `redesagi_facturacion`.`afiliados` SET `afiliados`.`suspender`='0' , `afiliados`.`shutoffpending`='0', `afiliados`.`reconectPending`='1'  WHERE `afiliados`.`id`= '1' 

-2024-04-29-10:16  No fue posible conectar a la Rboard 1, reconectar pendiente
<<<<<<< HEAD
res:Pago realizado con exito!/21131
res:Pago realizado con exito!/21132
res:Pago realizado con exito!/21133
res:Pago realizado con exito!/21134
res:
=======
-2024-04-30-14:52  No fue posible conectar a la Rboard 1, reconectar pendiente
-2024-04-30-14:52  No fue posible conectar a la Rboard 1, reconectar pendiente:se
>>>>>>> 9ed5ac7bfc8e9a4f1976c8fa15c84efc19a2c603
:se
:se
:se
:se
:se
:se
:se
:se
:se
:se
:se
:se
-2024-05-10-16:02  No fue posible conectar a la Rboard 1, reconectar pendiente
-2024-05-10-16:02  No fue posible conectar a la Rboard 1, reconectar pendiente:se
:se
:se
:se
:se
:se
:se
:se
:se
:se
:se
:se
:se
:se
-2024-05-14-08:03  No fue posible conectar a la Rboard 1, reconectar pendiente
-2024-05-14-08:03  No fue posible conectar a la Rboard 1, reconectar pendiente:se
:se
:se
:se
:se
-2024-05-14-09:24  No fue posible conectar a la Rboard 1, reconectar pendiente
-2024-05-14-09:24  No fue posible conectar a la Rboard 1, reconectar pendiente:se
:se
:se
:se
-2024-05-14-11:25  No fue posible conectar a la Rboard 1, reconectar pendiente
-2024-05-14-11:25  No fue posible conectar a la Rboard 1, reconectar pendiente:se
-2024-05-14-12:21  No fue posible conectar a la Rboard 1, reconectar pendiente
-2024-05-14-12:21  No fue posible conectar a la Rboard 1, reconectar pendiente:se
:se
:se
:se
:se
:se
:se
-2024-05-14-19:22  No fue posible conectar a la Rboard 1, reconectar pendiente
-2024-05-14-19:22  No fue posible conectar a la Rboard 1, reconectar pendiente:se
:se
-2024-05-14-19:56  No fue posible conectar a la Rboard 1, reconectar pendiente
-2024-05-14-19:56  No fue posible conectar a la Rboard 1, reconectar pendiente:se
-2024-05-14-20:05  No fue posible conectar a la Rboard 1, reconectar pendiente
-2024-05-14-20:05  No fue posible conectar a la Rboard 1, reconectar pendiente:se
:se
:se
:se
:se
:se
:se
:se
:se
:se
:se
-2024-05-15-11:17  No fue posible conectar a la Rboard 1, reconectar pendiente
-2024-05-15-11:17  No fue posible conectar a la Rboard 1, reconectar pendiente:se
-2024-05-15-11:32  No fue posible conectar a la Rboard 1, reconectar pendiente
-2024-05-15-11:32  No fue posible conectar a la Rboard 1, reconectar pendiente:se
-2024-05-15-11:35  No fue posible conectar a la Rboard 1, reconectar pendiente
-2024-05-15-11:35  No fue posible conectar a la Rboard 1, reconectar pendiente:se
-2024-05-15-11:36  No fue posible conectar a la Rboard 1, reconectar pendiente
-2024-05-15-11:36  No fue posible conectar a la Rboard 1, reconectar pendiente:se
-2024-05-15-11:37  No fue posible conectar a la Rboard 1, reconectar pendiente
-2024-05-15-11:37  No fue posible conectar a la Rboard 1, reconectar pendiente:se
-2024-05-15-11:39  No fue posible conectar a la Rboard 1, reconectar pendiente
-2024-05-15-11:39  No fue posible conectar a la Rboard 1, reconectar pendiente:se
-2024-05-15-11:41  No fue posible conectar a la Rboard 1, reconectar pendiente
-2024-05-15-11:41  No fue posible conectar a la Rboard 1, reconectar pendiente:se
-2024-05-15-11:42  No fue posible conectar a la Rboard 1, reconectar pendiente
-2024-05-15-11:42  No fue posible conectar a la Rboard 1, reconectar pendiente:se
-2024-05-15-11:43  No fue posible conectar a la Rboard 1, reconectar pendiente
-2024-05-15-11:43  No fue posible conectar a la Rboard 1, reconectar pendiente:se
-2024-05-15-11:44  No fue posible conectar a la Rboard 1, reconectar pendiente
-2024-05-15-11:44  No fue posible conectar a la Rboard 1, reconectar pendiente:se
-2024-05-15-11:51  No fue posible conectar a la Rboard 1, reconectar pendiente
-2024-05-15-11:51  No fue posible conectar a la Rboard 1, reconectar pendiente:se
-2024-05-15-11:54  No fue posible conectar a la Rboard 1, reconectar pendiente
-2024-05-15-11:54  No fue posible conectar a la Rboard 1, reconectar pendiente:se
-2024-05-15-11:56  No fue posible conectar a la Rboard 1, reconectar pendiente
-2024-05-15-11:56  No fue posible conectar a la Rboard 1, reconectar pendiente:se
-2024-05-15-11:56  No fue posible conectar a la Rboard 1, reconectar pendiente
-2024-05-15-11:56  No fue posible conectar a la Rboard 1, reconectar pendiente:se
-2024-05-15-12:09  No fue posible conectar a la Rboard 1, reconectar pendiente
-2024-05-15-12:09  No fue posible conectar a la Rboard 1, reconectar pendiente:se
-2024-05-15-12:12  No fue posible conectar a la Rboard 1, reconectar pendiente
-2024-05-15-12:12  No fue posible conectar a la Rboard 1, reconectar pendiente:se
-2024-05-15-12:13  No fue posible conectar a la Rboard 1, reconectar pendiente
-2024-05-15-12:13  No fue posible conectar a la Rboard 1, reconectar pendiente:se
-2024-05-15-12:16  No fue posible conectar a la Rboard 1, reconectar pendiente
-2024-05-15-12:16  No fue posible conectar a la Rboard 1, reconectar pendiente:se
-2024-05-15-12:16  No fue posible conectar a la Rboard 1, reconectar pendiente
-2024-05-15-12:16  No fue posible conectar a la Rboard 1, reconectar pendiente:se
-2024-05-15-12:17  No fue posible conectar a la Rboard 1, reconectar pendiente
-2024-05-15-12:17  No fue posible conectar a la Rboard 1, reconectar pendiente:se
-2024-05-15-12:18  No fue posible conectar a la Rboard 1, reconectar pendiente
-2024-05-15-12:18  No fue posible conectar a la Rboard 1, reconectar pendiente:se
-2024-05-15-12:19  No fue posible conectar a la Rboard 1, reconectar pendiente
-2024-05-15-12:19  No fue posible conectar a la Rboard 1, reconectar pendiente:se
-2024-05-15-12:19  No fue posible conectar a la Rboard 1, reconectar pendiente
-2024-05-15-12:19  No fue posible conectar a la Rboard 1, reconectar pendiente:se
-2024-05-15-12:26  No fue posible conectar a la Rboard 1, reconectar pendiente
-2024-05-15-12:26  No fue posible conectar a la Rboard 1, reconectar pendiente:se
-2024-05-15-12:30  No fue posible conectar a la Rboard 1, reconectar pendiente
-2024-05-15-12:30  No fue posible conectar a la Rboard 1, reconectar pendiente:se
-2024-05-15-12:35  No fue posible conectar a la Rboard 1, reconectar pendiente
-2024-05-15-12:35  No fue posible conectar a la Rboard 1, reconectar pendiente:se
-2024-05-15-12:39  No fue posible conectar a la Rboard 1, reconectar pendiente
-2024-05-15-12:39  No fue posible conectar a la Rboard 1, reconectar pendiente:se
-2024-05-15-12:40  No fue posible conectar a la Rboard 1, reconectar pendiente
-2024-05-15-12:40  No fue posible conectar a la Rboard 1, reconectar pendiente:se
-2024-05-15-12:42  No fue posible conectar a la Rboard 1, reconectar pendiente
-2024-05-15-12:42  No fue posible conectar a la Rboard 1, reconectar pendiente:se
-2024-05-15-12:44  No fue posible conectar a la Rboard 1, reconectar pendiente
-2024-05-15-12:44  No fue posible conectar a la Rboard 1, reconectar pendiente:se
-2024-05-15-12:49  No fue posible conectar a la Rboard 1, reconectar pendiente
-2024-05-15-12:49  No fue posible conectar a la Rboard 1, reconectar pendiente:se
-2024-05-15-12:51  No fue posible conectar a la Rboard 1, reconectar pendiente
-2024-05-15-12:51  No fue posible conectar a la Rboard 1, reconectar pendiente:se
-2024-05-15-12:51  No fue posible conectar a la Rboard 1, reconectar pendiente
-2024-05-15-12:51  No fue posible conectar a la Rboard 1, reconectar pendiente:se
-2024-05-15-12:53  No fue posible conectar a la Rboard 1, reconectar pendiente
-2024-05-15-12:53  No fue posible conectar a la Rboard 1, reconectar pendiente:se
-2024-05-15-12:55  No fue posible conectar a la Rboard 1, reconectar pendiente
-2024-05-15-12:55  No fue posible conectar a la Rboard 1, reconectar pendiente:se
-2024-05-15-12:56  No fue posible conectar a la Rboard 1, reconectar pendiente
-2024-05-15-12:56  No fue posible conectar a la Rboard 1, reconectar pendiente:se
-2024-05-15-12:56  No fue posible conectar a la Rboard 1, reconectar pendiente
-2024-05-15-12:56  No fue posible conectar a la Rboard 1, reconectar pendiente:se
-2024-05-15-12:58  No fue posible conectar a la Rboard 1, reconectar pendiente
-2024-05-15-12:58  No fue posible conectar a la Rboard 1, reconectar pendiente:se
-2024-05-15-13:00  No fue posible conectar a la Rboard 1, reconectar pendiente
-2024-05-15-13:00  No fue posible conectar a la Rboard 1, reconectar pendiente:se
:se
-2024-05-15-13:01  No fue posible conectar a la Rboard 1, reconectar pendiente
-2024-05-15-13:01  No fue posible conectar a la Rboard 1, reconectar pendiente
-2024-05-15-13:01  No fue posible conectar a la Rboard 1, reconectar pendiente:se
-2024-05-15-13:01  No fue posible conectar a la Rboard 1, reconectar pendiente:se
-2024-05-15-13:02  No fue posible conectar a la Rboard 1, reconectar pendiente
-2024-05-15-13:02  No fue posible conectar a la Rboard 1, reconectar pendiente:se
-2024-05-15-13:09  No fue posible conectar a la Rboard 1, reconectar pendiente
-2024-05-15-13:09  No fue posible conectar a la Rboard 1, reconectar pendiente:se
-2024-05-15-13:19  No fue posible conectar a la Rboard 1, reconectar pendiente
-2024-05-15-13:19  No fue posible conectar a la Rboard 1, reconectar pendiente:se
-2024-05-15-13:22  No fue posible conectar a la Rboard 1, reconectar pendiente
-2024-05-15-13:22  No fue posible conectar a la Rboard 1, reconectar pendiente:se
-2024-05-15-14:00  No fue posible conectar a la Rboard 1, reconectar pendiente
-2024-05-15-14:00  No fue posible conectar a la Rboard 1, reconectar pendiente:se
-2024-05-15-14:03  No fue posible conectar a la Rboard 1, reconectar pendiente
-2024-05-15-14:03  No fue posible conectar a la Rboard 1, reconectar pendiente:se
-2024-05-15-14:04  No fue posible conectar a la Rboard 1, reconectar pendiente
-2024-05-15-14:04  No fue posible conectar a la Rboard 1, reconectar pendiente:se
-2024-05-15-14:06  No fue posible conectar a la Rboard 1, reconectar pendiente
-2024-05-15-14:06  No fue posible conectar a la Rboard 1, reconectar pendiente:se
-2024-05-15-14:08  No fue posible conectar a la Rboard 1, reconectar pendiente
-2024-05-15-14:08  No fue posible conectar a la Rboard 1, reconectar pendiente:se
-2024-05-15-14:16  No fue posible conectar a la Rboard 1, reconectar pendiente
-2024-05-15-14:16  No fue posible conectar a la Rboard 1, reconectar pendiente:se
-2024-05-15-14:17  No fue posible conectar a la Rboard 1, reconectar pendiente
-2024-05-15-14:17  No fue posible conectar a la Rboard 1, reconectar pendiente:se
-2024-05-15-14:33  No fue posible conectar a la Rboard 1, reconectar pendiente
-2024-05-15-14:33  No fue posible conectar a la Rboard 1, reconectar pendiente:se
-2024-05-15-14:37  No fue posible conectar a la Rboard 1, reconectar pendiente
-2024-05-15-14:37  No fue posible conectar a la Rboard 1, reconectar pendiente:se
-2024-05-15-14:38  No fue posible conectar a la Rboard 1, reconectar pendiente
-2024-05-15-14:38  No fue posible conectar a la Rboard 1, reconectar pendiente:se
-2024-05-15-14:39  No fue posible conectar a la Rboard 1, reconectar pendiente
-2024-05-15-14:39  No fue posible conectar a la Rboard 1, reconectar pendiente:se
-2024-05-15-14:40  No fue posible conectar a la Rboard 1, reconectar pendiente
-2024-05-15-14:40  No fue posible conectar a la Rboard 1, reconectar pendiente:se
-2024-05-15-14:45  No fue posible conectar a la Rboard 1, reconectar pendiente
-2024-05-15-14:45  No fue posible conectar a la Rboard 1, reconectar pendiente:se
-2024-05-15-14:48  No fue posible conectar a la Rboard 1, reconectar pendiente
-2024-05-15-14:48  No fue posible conectar a la Rboard 1, reconectar pendiente:se
-2024-05-15-14:53  No fue posible conectar a la Rboard 1, reconectar pendiente
-2024-05-15-14:53  No fue posible conectar a la Rboard 1, reconectar pendiente:se
-2024-05-15-14:53  No fue posible conectar a la Rboard 1, reconectar pendiente
-2024-05-15-14:53  No fue posible conectar a la Rboard 1, reconectar pendiente:se
-2024-05-15-14:54  No fue posible conectar a la Rboard 1, reconectar pendiente
-2024-05-15-14:54  No fue posible conectar a la Rboard 1, reconectar pendiente:se
-2024-05-15-14:56  No fue posible conectar a la Rboard 1, reconectar pendiente
-2024-05-15-14:56  No fue posible conectar a la Rboard 1, reconectar pendiente:se
-2024-05-15-14:58  No fue posible conectar a la Rboard 1, reconectar pendiente
-2024-05-15-14:58  No fue posible conectar a la Rboard 1, reconectar pendiente:se
-2024-05-15-15:07  No fue posible conectar a la Rboard 1, reconectar pendiente
-2024-05-15-15:07  No fue posible conectar a la Rboard 1, reconectar pendiente:se
-2024-05-15-15:07  No fue posible conectar a la Rboard 1, reconectar pendiente
-2024-05-15-15:07  No fue posible conectar a la Rboard 1, reconectar pendiente:se
-2024-05-15-15:10  No fue posible conectar a la Rboard 1, reconectar pendiente
-2024-05-15-15:10  No fue posible conectar a la Rboard 1, reconectar pendiente:se
-2024-05-15-15:21  No fue posible conectar a la Rboard 1, reconectar pendiente
-2024-05-15-15:21  No fue posible conectar a la Rboard 1, reconectar pendiente:se
-2024-05-15-15:22  No fue posible conectar a la Rboard 1, reconectar pendiente
-2024-05-15-15:22  No fue posible conectar a la Rboard 1, reconectar pendiente:se
:se
-2024-05-15-15:28  No fue posible conectar a la Rboard 1, reconectar pendiente
-2024-05-15-15:28  No fue posible conectar a la Rboard 1, reconectar pendiente:se
-2024-05-15-15:28  No fue posible conectar a la Rboard 1, reconectar pendiente
-2024-05-15-15:28  No fue posible conectar a la Rboard 1, reconectar pendiente:se
-2024-05-15-15:31  No fue posible conectar a la Rboard 1, reconectar pendiente
-2024-05-15-15:31  No fue posible conectar a la Rboard 1, reconectar pendiente:se
-2024-05-15-15:46  No fue posible conectar a la Rboard 1, reconectar pendiente
-2024-05-15-15:46  No fue posible conectar a la Rboard 1, reconectar pendiente:se
-2024-05-15-15:47  No fue posible conectar a la Rboard 1, reconectar pendiente
-2024-05-15-15:47  No fue posible conectar a la Rboard 1, reconectar pendiente:se
-2024-05-15-16:09  No fue posible conectar a la Rboard 1, reconectar pendiente
-2024-05-15-16:09  No fue posible conectar a la Rboard 1, reconectar pendiente:se
-2024-05-15-16:28  No fue posible conectar a la Rboard 1, reconectar pendiente
-2024-05-15-16:28  No fue posible conectar a la Rboard 1, reconectar pendiente:se
-2024-05-15-16:34  No fue posible conectar a la Rboard 1, reconectar pendiente
-2024-05-15-16:34  No fue posible conectar a la Rboard 1, reconectar pendiente:se
-2024-05-15-16:35  No fue posible conectar a la Rboard 1, reconectar pendiente
-2024-05-15-16:35  No fue posible conectar a la Rboard 1, reconectar pendiente:se
-2024-05-15-16:35  No fue posible conectar a la Rboard 1, reconectar pendiente
-2024-05-15-16:35  No fue posible conectar a la Rboard 1, reconectar pendiente:se
-2024-05-15-16:37  No fue posible conectar a la Rboard 1, reconectar pendiente
-2024-05-15-16:37  No fue posible conectar a la Rboard 1, reconectar pendiente:se
-2024-05-15-16:38  No fue posible conectar a la Rboard 1, reconectar pendiente
-2024-05-15-16:38  No fue posible conectar a la Rboard 1, reconectar pendiente:se
-2024-05-15-16:43  No fue posible conectar a la Rboard 1, reconectar pendiente
-2024-05-15-16:43  No fue posible conectar a la Rboard 1, reconectar pendiente:se
-2024-05-15-16:44  No fue posible conectar a la Rboard 1, reconectar pendiente
-2024-05-15-16:44  No fue posible conectar a la Rboard 1, reconectar pendiente:se
-2024-05-15-16:47  No fue posible conectar a la Rboard 1, reconectar pendiente
-2024-05-15-16:47  No fue posible conectar a la Rboard 1, reconectar pendiente:se
-2024-05-15-16:54  No fue posible conectar a la Rboard 1, reconectar pendiente
-2024-05-15-16:54  No fue posible conectar a la Rboard 1, reconectar pendiente:se
-2024-05-15-16:55  No fue posible conectar a la Rboard 1, reconectar pendiente
-2024-05-15-16:55  No fue posible conectar a la Rboard 1, reconectar pendiente:se
-2024-05-15-17:03  No fue posible conectar a la Rboard 1, reconectar pendiente
-2024-05-15-17:03  No fue posible conectar a la Rboard 1, reconectar pendiente:se
-2024-05-15-17:04  No fue posible conectar a la Rboard 1, reconectar pendiente
-2024-05-15-17:04  No fue posible conectar a la Rboard 1, reconectar pendiente:se
-2024-05-15-17:05  No fue posible conectar a la Rboard 1, reconectar pendiente
-2024-05-15-17:05  No fue posible conectar a la Rboard 1, reconectar pendiente:se
-2024-05-15-17:07  No fue posible conectar a la Rboard 1, reconectar pendiente
-2024-05-15-17:07  No fue posible conectar a la Rboard 1, reconectar pendiente:se
-2024-05-15-17:09  No fue posible conectar a la Rboard 1, reconectar pendiente
-2024-05-15-17:09  No fue posible conectar a la Rboard 1, reconectar pendiente:se
-2024-05-15-17:10  No fue posible conectar a la Rboard 1, reconectar pendiente
-2024-05-15-17:10  No fue posible conectar a la Rboard 1, reconectar pendiente:se
-2024-05-15-17:12  No fue posible conectar a la Rboard 1, reconectar pendiente
-2024-05-15-17:12  No fue posible conectar a la Rboard 1, reconectar pendiente:se
-2024-05-15-17:13  No fue posible conectar a la Rboard 1, reconectar pendiente
-2024-05-15-17:13  No fue posible conectar a la Rboard 1, reconectar pendiente:se
-2024-05-15-17:15  No fue posible conectar a la Rboard 1, reconectar pendiente
-2024-05-15-17:15  No fue posible conectar a la Rboard 1, reconectar pendiente:se
-2024-05-15-17:44  No fue posible conectar a la Rboard 1, reconectar pendiente
-2024-05-15-17:44  No fue posible conectar a la Rboard 1, reconectar pendiente:se
-2024-05-15-17:53  No fue posible conectar a la Rboard 1, reconectar pendiente
-2024-05-15-17:53  No fue posible conectar a la Rboard 1, reconectar pendiente:se
-2024-05-15-18:04  No fue posible conectar a la Rboard 1, reconectar pendiente
-2024-05-15-18:04  No fue posible conectar a la Rboard 1, reconectar pendiente:se
-2024-05-15-18:05  No fue posible conectar a la Rboard 1, reconectar pendiente
-2024-05-15-18:05  No fue posible conectar a la Rboard 1, reconectar pendiente:se
-2024-05-15-18:08  No fue posible conectar a la Rboard 1, reconectar pendiente
-2024-05-15-18:08  No fue posible conectar a la Rboard 1, reconectar pendiente:se
-2024-05-15-18:08  No fue posible conectar a la Rboard 1, reconectar pendiente
-2024-05-15-18:08  No fue posible conectar a la Rboard 1, reconectar pendiente:se
-2024-05-15-18:41  No fue posible conectar a la Rboard 1, reconectar pendiente
-2024-05-15-18:41  No fue posible conectar a la Rboard 1, reconectar pendiente:se
-2024-05-15-18:42  No fue posible conectar a la Rboard 1, reconectar pendiente
-2024-05-15-18:42  No fue posible conectar a la Rboard 1, reconectar pendiente:se
-2024-05-15-18:43  No fue posible conectar a la Rboard 1, reconectar pendiente
-2024-05-15-18:43  No fue posible conectar a la Rboard 1, reconectar pendiente:se
-2024-05-15-18:45  No fue posible conectar a la Rboard 1, reconectar pendiente
-2024-05-15-18:45  No fue posible conectar a la Rboard 1, reconectar pendiente:se
-2024-05-15-18:47  No fue posible conectar a la Rboard 1, reconectar pendiente
-2024-05-15-18:47  No fue posible conectar a la Rboard 1, reconectar pendiente:se
-2024-05-15-19:46  No fue posible conectar a la Rboard 1, reconectar pendiente
-2024-05-15-19:46  No fue posible conectar a la Rboard 1, reconectar pendiente:se
-2024-05-15-20:03  No fue posible conectar a la Rboard 1, reconectar pendiente
-2024-05-15-20:03  No fue posible conectar a la Rboard 1, reconectar pendiente:se
-2024-05-15-20:14  No fue posible conectar a la Rboard 1, reconectar pendiente
-2024-05-15-20:14  No fue posible conectar a la Rboard 1, reconectar pendiente:se
-2024-05-15-20:50  No fue posible conectar a la Rboard 1, reconectar pendiente
-2024-05-15-20:50  No fue posible conectar a la Rboard 1, reconectar pendiente:se
-2024-05-16-07:35  No fue posible conectar a la Rboard 1, reconectar pendiente
-2024-05-16-07:35  No fue posible conectar a la Rboard 1, reconectar pendiente:se
-2024-05-16-07:36  No fue posible conectar a la Rboard 1, reconectar pendiente
-2024-05-16-07:36  No fue posible conectar a la Rboard 1, reconectar pendiente:se
-2024-05-16-07:37  No fue posible conectar a la Rboard 1, reconectar pendiente
-2024-05-16-07:37  No fue posible conectar a la Rboard 1, reconectar pendiente:se
:se
-2024-05-16-08:14  No fue posible conectar a la Rboard 1, reconectar pendiente
-2024-05-16-08:14  No fue posible conectar a la Rboard 1, reconectar pendiente:se
-2024-05-16-08:34  No fue posible conectar a la Rboard 1, reconectar pendiente
-2024-05-16-08:34  No fue posible conectar a la Rboard 1, reconectar pendiente:se
